# JRE version: OpenJDK Runtime Environment (8.0_112-b06) (build 1.8.0_112-release-b06)
# Java VM: OpenJDK 64-Bit Server VM (25.112-b06 mixed mode windows-amd64 compressed oops)
Heap:
 PSYoungGen      total 238592K, used 118633K [0x00000000e0000000, 0x00000000f0880000, 0x0000000100000000)
  eden space 214528K, 45% used [0x00000000e0000000,0x00000000e5fdc090,0x00000000ed180000)
  from space 24064K, 85% used [0x00000000ef100000,0x00000000f04fe5b0,0x00000000f0880000)
  to   space 28160K, 0% used [0x00000000ed180000,0x00000000ed180000,0x00000000eed00000)
 ParOldGen       total 129024K, used 28099K [0x00000000a0000000, 0x00000000a7e00000, 0x00000000e0000000)
  object space 129024K, 21% used [0x00000000a0000000,0x00000000a1b70c08,0x00000000a7e00000)
 Metaspace       used 65521K, capacity 68490K, committed 68696K, reserved 1107968K
  class space    used 8640K, capacity 9198K, committed 9304K, reserved 1048576K
GC Heap History (10 events):
Event: 1995.296 GC heap before
{Heap before GC invocations=17 (full 2):
 PSYoungGen      total 169472K, used 66022K [0x00000000e0000000, 0x00000000ec080000, 0x0000000100000000)
  eden space 146944K, 31% used [0x00000000e0000000,0x00000000e2d45988,0x00000000e8f80000)
  from space 22528K, 87% used [0x00000000eaa00000,0x00000000ebd33ea8,0x00000000ec000000)
  to   space 25088K, 0% used [0x00000000e8f80000,0x00000000e8f80000,0x00000000ea800000)
 ParOldGen       total 92160K, used 32889K [0x00000000a0000000, 0x00000000a5a00000, 0x00000000e0000000)
  object space 92160K, 35% used [0x00000000a0000000,0x00000000a201e6c8,0x00000000a5a00000)
 Metaspace       used 56617K, capacity 58978K, committed 59028K, reserved 1099776K
  class space    used 7637K, capacity 8136K, committed 8152K, reserved 1048576K
Event: 1995.313 GC heap after
Heap after GC invocations=17 (full 2):
 PSYoungGen      total 172032K, used 17857K [0x00000000e0000000, 0x00000000ee980000, 0x0000000100000000)
  eden space 146944K, 0% used [0x00000000e0000000,0x00000000e0000000,0x00000000e8f80000)
  from space 25088K, 71% used [0x00000000e8f80000,0x00000000ea0f05e0,0x00000000ea800000)
  to   space 26112K, 0% used [0x00000000ed000000,0x00000000ed000000,0x00000000ee980000)
 ParOldGen       total 92160K, used 32897K [0x00000000a0000000, 0x00000000a5a00000, 0x00000000e0000000)
  object space 92160K, 35% used [0x00000000a0000000,0x00000000a20206c8,0x00000000a5a00000)
 Metaspace       used 56617K, capacity 58978K, committed 59028K, reserved 1099776K
  class space    used 7637K, capacity 8136K, committed 8152K, reserved 1048576K
}
Event: 1995.313 GC heap before
{Heap before GC invocations=18 (full 3):
 PSYoungGen      total 172032K, used 17857K [0x00000000e0000000, 0x00000000ee980000, 0x0000000100000000)
  eden space 146944K, 0% used [0x00000000e0000000,0x00000000e0000000,0x00000000e8f80000)
  from space 25088K, 71% used [0x00000000e8f80000,0x00000000ea0f05e0,0x00000000ea800000)
  to   space 26112K, 0% used [0x00000000ed000000,0x00000000ed000000,0x00000000ee980000)
 ParOldGen       total 92160K, used 32897K [0x00000000a0000000, 0x00000000a5a00000, 0x00000000e0000000)
  object space 92160K, 35% used [0x00000000a0000000,0x00000000a20206c8,0x00000000a5a00000)
 Metaspace       used 56617K, capacity 58978K, committed 59028K, reserved 1099776K
  class space    used 7637K, capacity 8136K, committed 8152K, reserved 1048576K
Event: 1995.527 GC heap after
Heap after GC invocations=18 (full 3):
 PSYoungGen      total 172032K, used 0K [0x00000000e0000000, 0x00000000ee980000, 0x0000000100000000)
  eden space 146944K, 0% used [0x00000000e0000000,0x00000000e0000000,0x00000000e8f80000)
  from space 25088K, 0% used [0x00000000e8f80000,0x00000000e8f80000,0x00000000ea800000)
  to   space 26112K, 0% used [0x00000000ed000000,0x00000000ed000000,0x00000000ee980000)
 ParOldGen       total 129024K, used 28075K [0x00000000a0000000, 0x00000000a7e00000, 0x00000000e0000000)
  object space 129024K, 21% used [0x00000000a0000000,0x00000000a1b6ac08,0x00000000a7e00000)
 Metaspace       used 55164K, capacity 56698K, committed 59028K, reserved 1099776K
  class space    used 7315K, capacity 7624K, committed 8152K, reserved 1048576K
}
Event: 1999.466 GC heap before
{Heap before GC invocations=19 (full 3):
 PSYoungGen      total 172032K, used 146944K [0x00000000e0000000, 0x00000000ee980000, 0x0000000100000000)
  eden space 146944K, 100% used [0x00000000e0000000,0x00000000e8f80000,0x00000000e8f80000)
  from space 25088K, 0% used [0x00000000e8f80000,0x00000000e8f80000,0x00000000ea800000)
  to   space 26112K, 0% used [0x00000000ed000000,0x00000000ed000000,0x00000000ee980000)
 ParOldGen       total 129024K, used 28075K [0x00000000a0000000, 0x00000000a7e00000, 0x00000000e0000000)
  object space 129024K, 21% used [0x00000000a0000000,0x00000000a1b6ac08,0x00000000a7e00000)
 Metaspace       used 60359K, capacity 62206K, committed 63832K, reserved 1103872K
  class space    used 7995K, capacity 8356K, committed 8792K, reserved 1048576K
Event: 1999.476 GC heap after
Heap after GC invocations=19 (full 3):
 PSYoungGen      total 214016K, used 14338K [0x00000000e0000000, 0x00000000eeb00000, 0x0000000100000000)
  eden space 187904K, 0% used [0x00000000e0000000,0x00000000e0000000,0x00000000eb780000)
  from space 26112K, 54% used [0x00000000ed000000,0x00000000ede00b58,0x00000000ee980000)
  to   space 25088K, 0% used [0x00000000eb780000,0x00000000eb780000,0x00000000ed000000)
 ParOldGen       total 129024K, used 28083K [0x00000000a0000000, 0x00000000a7e00000, 0x00000000e0000000)
  object space 129024K, 21% used [0x00000000a0000000,0x00000000a1b6cc08,0x00000000a7e00000)
 Metaspace       used 60359K, capacity 62206K, committed 63832K, reserved 1103872K
  class space    used 7995K, capacity 8356K, committed 8792K, reserved 1048576K
}
Event: 3462.397 GC heap before
{Heap before GC invocations=20 (full 3):
 PSYoungGen      total 214016K, used 202242K [0x00000000e0000000, 0x00000000eeb00000, 0x0000000100000000)
  eden space 187904K, 100% used [0x00000000e0000000,0x00000000eb780000,0x00000000eb780000)
  from space 26112K, 54% used [0x00000000ed000000,0x00000000ede00b58,0x00000000ee980000)
  to   space 25088K, 0% used [0x00000000eb780000,0x00000000eb780000,0x00000000ed000000)
 ParOldGen       total 129024K, used 28083K [0x00000000a0000000, 0x00000000a7e00000, 0x00000000e0000000)
  object space 129024K, 21% used [0x00000000a0000000,0x00000000a1b6cc08,0x00000000a7e00000)
 Metaspace       used 62813K, capacity 65172K, committed 65752K, reserved 1105920K
  class space    used 8318K, capacity 8793K, committed 8920K, reserved 1048576K
Event: 3462.437 GC heap after
Heap after GC invocations=20 (full 3):
 PSYoungGen      total 212992K, used 20208K [0x00000000e0000000, 0x00000000f0b80000, 0x0000000100000000)
  eden space 187904K, 0% used [0x00000000e0000000,0x00000000e0000000,0x00000000eb780000)
  from space 25088K, 80% used [0x00000000eb780000,0x00000000ecb3c2c8,0x00000000ed000000)
  to   space 27136K, 0% used [0x00000000ef100000,0x00000000ef100000,0x00000000f0b80000)
 ParOldGen       total 129024K, used 28091K [0x00000000a0000000, 0x00000000a7e00000, 0x00000000e0000000)
  object space 129024K, 21% used [0x00000000a0000000,0x00000000a1b6ec08,0x00000000a7e00000)
 Metaspace       used 62813K, capacity 65172K, committed 65752K, reserved 1105920K
  class space    used 8318K, capacity 8793K, committed 8920K, reserved 1048576K
}
Event: 4329.755 GC heap before
{Heap before GC invocations=21 (full 3):
 PSYoungGen      total 212992K, used 208112K [0x00000000e0000000, 0x00000000f0b80000, 0x0000000100000000)
  eden space 187904K, 100% used [0x00000000e0000000,0x00000000eb780000,0x00000000eb780000)
  from space 25088K, 80% used [0x00000000eb780000,0x00000000ecb3c2c8,0x00000000ed000000)
  to   space 27136K, 0% used [0x00000000ef100000,0x00000000ef100000,0x00000000f0b80000)
 ParOldGen       total 129024K, used 28091K [0x00000000a0000000, 0x00000000a7e00000, 0x00000000e0000000)
  object space 129024K, 21% used [0x00000000a0000000,0x00000000a1b6ec08,0x00000000a7e00000)
 Metaspace       used 65193K, capacity 68144K, committed 68312K, reserved 1107968K
  class space    used 8620K, capacity 9163K, committed 9176K, reserved 1048576K
Event: 4329.778 GC heap after
Heap after GC invocations=21 (full 3):
 PSYoungGen      total 238592K, used 20473K [0x00000000e0000000, 0x00000000f0880000, 0x0000000100000000)
  eden space 214528K, 0% used [0x00000000e0000000,0x00000000e0000000,0x00000000ed180000)
  from space 24064K, 85% used [0x00000000ef100000,0x00000000f04fe5b0,0x00000000f0880000)
  to   space 28160K, 0% used [0x00000000ed180000,0x00000000ed180000,0x00000000eed00000)
 ParOldGen       total 129024K, used 28099K [0x00000000a0000000, 0x00000000a7e00000, 0x00000000e0000000)
  object space 129024K, 21% used [0x00000000a0000000,0x00000000a1b70c08,0x00000000a7e00000)
 Metaspace       used 65193K, capacity 68144K, committed 68312K, reserved 1107968K
  class space    used 8620K, capacity 9163K, committed 9176K, reserved 1048576K
}

