# JRE version: OpenJDK Runtime Environment (8.0_112-b06) (build 1.8.0_112-release-b06)
# Java VM: OpenJDK 64-Bit Server VM (25.112-b06 mixed mode windows-amd64 compressed oops)
Heap:
 PSYoungGen      total 139776K, used 124169K [0x00000000e0000000, 0x00000000e9f80000, 0x0000000100000000)
  eden space 129536K, 88% used [0x00000000e0000000,0x00000000e6fae980,0x00000000e7e80000)
  from space 10240K, 95% used [0x00000000e9580000,0x00000000e9f13c20,0x00000000e9f80000)
  to   space 12800K, 0% used [0x00000000e8680000,0x00000000e8680000,0x00000000e9300000)
 ParOldGen       total 104448K, used 18004K [0x00000000a0000000, 0x00000000a6600000, 0x00000000e0000000)
  object space 104448K, 17% used [0x00000000a0000000,0x00000000a1195148,0x00000000a6600000)
 Metaspace       used 47697K, capacity 49226K, committed 49408K, reserved 1091584K
  class space    used 6438K, capacity 6788K, committed 6912K, reserved 1048576K
GC Heap History (10 events):
Event: 4.669 GC heap before
{Heap before GC invocations=6 (full 1):
 PSYoungGen      total 70656K, used 65536K [0x00000000e0000000, 0x00000000e4a00000, 0x0000000100000000)
  eden space 65536K, 100% used [0x00000000e0000000,0x00000000e4000000,0x00000000e4000000)
  from space 5120K, 0% used [0x00000000e4500000,0x00000000e4500000,0x00000000e4a00000)
  to   space 5120K, 0% used [0x00000000e4000000,0x00000000e4000000,0x00000000e4500000)
 ParOldGen       total 65024K, used 9438K [0x00000000a0000000, 0x00000000a3f80000, 0x00000000e0000000)
  object space 65024K, 14% used [0x00000000a0000000,0x00000000a0937ba0,0x00000000a3f80000)
 Metaspace       used 26023K, capacity 26440K, committed 26752K, reserved 1073152K
  class space    used 3577K, capacity 3697K, committed 3712K, reserved 1048576K
Event: 4.677 GC heap after
Heap after GC invocations=6 (full 1):
 PSYoungGen      total 70656K, used 5099K [0x00000000e0000000, 0x00000000e7300000, 0x0000000100000000)
  eden space 65536K, 0% used [0x00000000e0000000,0x00000000e0000000,0x00000000e4000000)
  from space 5120K, 99% used [0x00000000e4000000,0x00000000e44faca0,0x00000000e4500000)
  to   space 10752K, 0% used [0x00000000e6880000,0x00000000e6880000,0x00000000e7300000)
 ParOldGen       total 65024K, used 12236K [0x00000000a0000000, 0x00000000a3f80000, 0x00000000e0000000)
  object space 65024K, 18% used [0x00000000a0000000,0x00000000a0bf3080,0x00000000a3f80000)
 Metaspace       used 26023K, capacity 26440K, committed 26752K, reserved 1073152K
  class space    used 3577K, capacity 3697K, committed 3712K, reserved 1048576K
}
Event: 5.931 GC heap before
{Heap before GC invocations=7 (full 1):
 PSYoungGen      total 70656K, used 70635K [0x00000000e0000000, 0x00000000e7300000, 0x0000000100000000)
  eden space 65536K, 100% used [0x00000000e0000000,0x00000000e4000000,0x00000000e4000000)
  from space 5120K, 99% used [0x00000000e4000000,0x00000000e44faca0,0x00000000e4500000)
  to   space 10752K, 0% used [0x00000000e6880000,0x00000000e6880000,0x00000000e7300000)
 ParOldGen       total 65024K, used 12236K [0x00000000a0000000, 0x00000000a3f80000, 0x00000000e0000000)
  object space 65024K, 18% used [0x00000000a0000000,0x00000000a0bf3080,0x00000000a3f80000)
 Metaspace       used 29300K, capacity 29726K, committed 29952K, reserved 1075200K
  class space    used 3959K, capacity 4087K, committed 4096K, reserved 1048576K
Event: 5.940 GC heap after
Heap after GC invocations=7 (full 1):
 PSYoungGen      total 103936K, used 6370K [0x00000000e0000000, 0x00000000e7180000, 0x0000000100000000)
  eden space 94720K, 0% used [0x00000000e0000000,0x00000000e0000000,0x00000000e5c80000)
  from space 9216K, 69% used [0x00000000e6880000,0x00000000e6eb89e0,0x00000000e7180000)
  to   space 10752K, 0% used [0x00000000e5c80000,0x00000000e5c80000,0x00000000e6700000)
 ParOldGen       total 65024K, used 12316K [0x00000000a0000000, 0x00000000a3f80000, 0x00000000e0000000)
  object space 65024K, 18% used [0x00000000a0000000,0x00000000a0c07090,0x00000000a3f80000)
 Metaspace       used 29300K, capacity 29726K, committed 29952K, reserved 1075200K
  class space    used 3959K, capacity 4087K, committed 4096K, reserved 1048576K
}
Event: 6.773 GC heap before
{Heap before GC invocations=8 (full 1):
 PSYoungGen      total 103936K, used 78920K [0x00000000e0000000, 0x00000000e7180000, 0x0000000100000000)
  eden space 94720K, 76% used [0x00000000e0000000,0x00000000e46d96f8,0x00000000e5c80000)
  from space 9216K, 69% used [0x00000000e6880000,0x00000000e6eb89e0,0x00000000e7180000)
  to   space 10752K, 0% used [0x00000000e5c80000,0x00000000e5c80000,0x00000000e6700000)
 ParOldGen       total 65024K, used 12316K [0x00000000a0000000, 0x00000000a3f80000, 0x00000000e0000000)
  object space 65024K, 18% used [0x00000000a0000000,0x00000000a0c07090,0x00000000a3f80000)
 Metaspace       used 34780K, capacity 35326K, committed 35496K, reserved 1079296K
  class space    used 4637K, capacity 4787K, committed 4864K, reserved 1048576K
Event: 6.788 GC heap after
Heap after GC invocations=8 (full 1):
 PSYoungGen      total 105472K, used 10736K [0x00000000e0000000, 0x00000000ea180000, 0x0000000100000000)
  eden space 94720K, 0% used [0x00000000e0000000,0x00000000e0000000,0x00000000e5c80000)
  from space 10752K, 99% used [0x00000000e5c80000,0x00000000e66fc098,0x00000000e6700000)
  to   space 12288K, 0% used [0x00000000e9580000,0x00000000e9580000,0x00000000ea180000)
 ParOldGen       total 65024K, used 13125K [0x00000000a0000000, 0x00000000a3f80000, 0x00000000e0000000)
  object space 65024K, 20% used [0x00000000a0000000,0x00000000a0cd16e0,0x00000000a3f80000)
 Metaspace       used 34780K, capacity 35326K, committed 35496K, reserved 1079296K
  class space    used 4637K, capacity 4787K, committed 4864K, reserved 1048576K
}
Event: 6.788 GC heap before
{Heap before GC invocations=9 (full 2):
 PSYoungGen      total 105472K, used 10736K [0x00000000e0000000, 0x00000000ea180000, 0x0000000100000000)
  eden space 94720K, 0% used [0x00000000e0000000,0x00000000e0000000,0x00000000e5c80000)
  from space 10752K, 99% used [0x00000000e5c80000,0x00000000e66fc098,0x00000000e6700000)
  to   space 12288K, 0% used [0x00000000e9580000,0x00000000e9580000,0x00000000ea180000)
 ParOldGen       total 65024K, used 13125K [0x00000000a0000000, 0x00000000a3f80000, 0x00000000e0000000)
  object space 65024K, 20% used [0x00000000a0000000,0x00000000a0cd16e0,0x00000000a3f80000)
 Metaspace       used 34780K, capacity 35326K, committed 35496K, reserved 1079296K
  class space    used 4637K, capacity 4787K, committed 4864K, reserved 1048576K
Event: 6.872 GC heap after
Heap after GC invocations=9 (full 2):
 PSYoungGen      total 105472K, used 0K [0x00000000e0000000, 0x00000000ea180000, 0x0000000100000000)
  eden space 94720K, 0% used [0x00000000e0000000,0x00000000e0000000,0x00000000e5c80000)
  from space 10752K, 0% used [0x00000000e5c80000,0x00000000e5c80000,0x00000000e6700000)
  to   space 12288K, 0% used [0x00000000e9580000,0x00000000e9580000,0x00000000ea180000)
 ParOldGen       total 104448K, used 17996K [0x00000000a0000000, 0x00000000a6600000, 0x00000000e0000000)
  object space 104448K, 17% used [0x00000000a0000000,0x00000000a1193148,0x00000000a6600000)
 Metaspace       used 34780K, capacity 35326K, committed 35496K, reserved 1079296K
  class space    used 4637K, capacity 4787K, committed 4864K, reserved 1048576K
}
Event: 7.894 GC heap before
{Heap before GC invocations=10 (full 2):
 PSYoungGen      total 105472K, used 94720K [0x00000000e0000000, 0x00000000ea180000, 0x0000000100000000)
  eden space 94720K, 100% used [0x00000000e0000000,0x00000000e5c80000,0x00000000e5c80000)
  from space 10752K, 0% used [0x00000000e5c80000,0x00000000e5c80000,0x00000000e6700000)
  to   space 12288K, 0% used [0x00000000e9580000,0x00000000e9580000,0x00000000ea180000)
 ParOldGen       total 104448K, used 17996K [0x00000000a0000000, 0x00000000a6600000, 0x00000000e0000000)
  object space 104448K, 17% used [0x00000000a0000000,0x00000000a1193148,0x00000000a6600000)
 Metaspace       used 42153K, capacity 42942K, committed 43264K, reserved 1087488K
  class space    used 5631K, capacity 5852K, committed 5888K, reserved 1048576K
Event: 7.904 GC heap after
Heap after GC invocations=10 (full 2):
 PSYoungGen      total 139776K, used 9807K [0x00000000e0000000, 0x00000000e9f80000, 0x0000000100000000)
  eden space 129536K, 0% used [0x00000000e0000000,0x00000000e0000000,0x00000000e7e80000)
  from space 10240K, 95% used [0x00000000e9580000,0x00000000e9f13c20,0x00000000e9f80000)
  to   space 12800K, 0% used [0x00000000e8680000,0x00000000e8680000,0x00000000e9300000)
 ParOldGen       total 104448K, used 18004K [0x00000000a0000000, 0x00000000a6600000, 0x00000000e0000000)
  object space 104448K, 17% used [0x00000000a0000000,0x00000000a1195148,0x00000000a6600000)
 Metaspace       used 42153K, capacity 42942K, committed 43264K, reserved 1087488K
  class space    used 5631K, capacity 5852K, committed 5888K, reserved 1048576K
}

