# JRE version: OpenJDK Runtime Environment (8.0_112-b06) (build 1.8.0_112-release-b06)
# Java VM: OpenJDK 64-Bit Server VM (25.112-b06 mixed mode windows-amd64 compressed oops)
Heap:
 PSYoungGen      total 97280K, used 15170K [0x00000000e0000000, 0x00000000e6b00000, 0x0000000100000000)
  eden space 85504K, 3% used [0x00000000e0000000,0x00000000e0352db0,0x00000000e5380000)
  from space 11776K, 99% used [0x00000000e5400000,0x00000000e5f7dcc8,0x00000000e5f80000)
  to   space 8704K, 0% used [0x00000000e6280000,0x00000000e6280000,0x00000000e6b00000)
 ParOldGen       total 97280K, used 15847K [0x00000000a0000000, 0x00000000a5f00000, 0x00000000e0000000)
  object space 97280K, 16% used [0x00000000a0000000,0x00000000a0f79cb0,0x00000000a5f00000)
 Metaspace       used 44934K, capacity 46018K, committed 46208K, reserved 1089536K
  class space    used 5999K, capacity 6264K, committed 6272K, reserved 1048576K
GC Heap History (10 events):
Event: 7.065 GC heap before
{Heap before GC invocations=9 (full 1):
 PSYoungGen      total 57344K, used 52106K [0x00000000e0000000, 0x00000000e5680000, 0x0000000100000000)
  eden space 46592K, 100% used [0x00000000e0000000,0x00000000e2d80000,0x00000000e2d80000)
  from space 10752K, 51% used [0x00000000e2d80000,0x00000000e32e2a50,0x00000000e3800000)
  to   space 10240K, 0% used [0x00000000e4c80000,0x00000000e4c80000,0x00000000e5680000)
 ParOldGen       total 66560K, used 9443K [0x00000000a0000000, 0x00000000a4100000, 0x00000000e0000000)
  object space 66560K, 14% used [0x00000000a0000000,0x00000000a0938f00,0x00000000a4100000)
 Metaspace       used 33376K, capacity 33980K, committed 34432K, reserved 1079296K
  class space    used 4455K, capacity 4620K, committed 4736K, reserved 1048576K
Event: 7.075 GC heap after
Heap after GC invocations=9 (full 1):
 PSYoungGen      total 77312K, used 9558K [0x00000000e0000000, 0x00000000e5800000, 0x0000000100000000)
  eden space 67072K, 0% used [0x00000000e0000000,0x00000000e0000000,0x00000000e4180000)
  from space 10240K, 93% used [0x00000000e4c80000,0x00000000e55d5998,0x00000000e5680000)
  to   space 11264K, 0% used [0x00000000e4180000,0x00000000e4180000,0x00000000e4c80000)
 ParOldGen       total 66560K, used 9515K [0x00000000a0000000, 0x00000000a4100000, 0x00000000e0000000)
  object space 66560K, 14% used [0x00000000a0000000,0x00000000a094af10,0x00000000a4100000)
 Metaspace       used 33376K, capacity 33980K, committed 34432K, reserved 1079296K
  class space    used 4455K, capacity 4620K, committed 4736K, reserved 1048576K
}
Event: 7.555 GC heap before
{Heap before GC invocations=10 (full 1):
 PSYoungGen      total 77312K, used 51152K [0x00000000e0000000, 0x00000000e5800000, 0x0000000100000000)
  eden space 67072K, 62% used [0x00000000e0000000,0x00000000e289ea18,0x00000000e4180000)
  from space 10240K, 93% used [0x00000000e4c80000,0x00000000e55d5998,0x00000000e5680000)
  to   space 11264K, 0% used [0x00000000e4180000,0x00000000e4180000,0x00000000e4c80000)
 ParOldGen       total 66560K, used 9515K [0x00000000a0000000, 0x00000000a4100000, 0x00000000e0000000)
  object space 66560K, 14% used [0x00000000a0000000,0x00000000a094af10,0x00000000a4100000)
 Metaspace       used 34790K, capacity 35314K, committed 35496K, reserved 1079296K
  class space    used 4636K, capacity 4787K, committed 4864K, reserved 1048576K
Event: 7.568 GC heap after
Heap after GC invocations=10 (full 1):
 PSYoungGen      total 78336K, used 8577K [0x00000000e0000000, 0x00000000e6e00000, 0x0000000100000000)
  eden space 67072K, 0% used [0x00000000e0000000,0x00000000e0000000,0x00000000e4180000)
  from space 11264K, 76% used [0x00000000e4180000,0x00000000e49e07f0,0x00000000e4c80000)
  to   space 11776K, 0% used [0x00000000e6280000,0x00000000e6280000,0x00000000e6e00000)
 ParOldGen       total 66560K, used 9523K [0x00000000a0000000, 0x00000000a4100000, 0x00000000e0000000)
  object space 66560K, 14% used [0x00000000a0000000,0x00000000a094cf10,0x00000000a4100000)
 Metaspace       used 34790K, capacity 35314K, committed 35496K, reserved 1079296K
  class space    used 4636K, capacity 4787K, committed 4864K, reserved 1048576K
}
Event: 7.568 GC heap before
{Heap before GC invocations=11 (full 2):
 PSYoungGen      total 78336K, used 8577K [0x00000000e0000000, 0x00000000e6e00000, 0x0000000100000000)
  eden space 67072K, 0% used [0x00000000e0000000,0x00000000e0000000,0x00000000e4180000)
  from space 11264K, 76% used [0x00000000e4180000,0x00000000e49e07f0,0x00000000e4c80000)
  to   space 11776K, 0% used [0x00000000e6280000,0x00000000e6280000,0x00000000e6e00000)
 ParOldGen       total 66560K, used 9523K [0x00000000a0000000, 0x00000000a4100000, 0x00000000e0000000)
  object space 66560K, 14% used [0x00000000a0000000,0x00000000a094cf10,0x00000000a4100000)
 Metaspace       used 34790K, capacity 35314K, committed 35496K, reserved 1079296K
  class space    used 4636K, capacity 4787K, committed 4864K, reserved 1048576K
Event: 7.629 GC heap after
Heap after GC invocations=11 (full 2):
 PSYoungGen      total 78336K, used 0K [0x00000000e0000000, 0x00000000e6e00000, 0x0000000100000000)
  eden space 67072K, 0% used [0x00000000e0000000,0x00000000e0000000,0x00000000e4180000)
  from space 11264K, 0% used [0x00000000e4180000,0x00000000e4180000,0x00000000e4c80000)
  to   space 11776K, 0% used [0x00000000e6280000,0x00000000e6280000,0x00000000e6e00000)
 ParOldGen       total 97280K, used 15166K [0x00000000a0000000, 0x00000000a5f00000, 0x00000000e0000000)
  object space 97280K, 15% used [0x00000000a0000000,0x00000000a0ecfb78,0x00000000a5f00000)
 Metaspace       used 34790K, capacity 35314K, committed 35496K, reserved 1079296K
  class space    used 4636K, capacity 4787K, committed 4864K, reserved 1048576K
}
Event: 10.060 GC heap before
{Heap before GC invocations=12 (full 2):
 PSYoungGen      total 78336K, used 67072K [0x00000000e0000000, 0x00000000e6e00000, 0x0000000100000000)
  eden space 67072K, 100% used [0x00000000e0000000,0x00000000e4180000,0x00000000e4180000)
  from space 11264K, 0% used [0x00000000e4180000,0x00000000e4180000,0x00000000e4c80000)
  to   space 11776K, 0% used [0x00000000e6280000,0x00000000e6280000,0x00000000e6e00000)
 ParOldGen       total 97280K, used 15166K [0x00000000a0000000, 0x00000000a5f00000, 0x00000000e0000000)
  object space 97280K, 15% used [0x00000000a0000000,0x00000000a0ecfb78,0x00000000a5f00000)
 Metaspace       used 41799K, capacity 42570K, committed 42752K, reserved 1085440K
  class space    used 5590K, capacity 5808K, committed 5888K, reserved 1048576K
Event: 10.069 GC heap after
Heap after GC invocations=12 (full 2):
 PSYoungGen      total 94208K, used 8489K [0x00000000e0000000, 0x00000000e6b00000, 0x0000000100000000)
  eden space 85504K, 0% used [0x00000000e0000000,0x00000000e0000000,0x00000000e5380000)
  from space 8704K, 97% used [0x00000000e6280000,0x00000000e6aca780,0x00000000e6b00000)
  to   space 11776K, 0% used [0x00000000e5400000,0x00000000e5400000,0x00000000e5f80000)
 ParOldGen       total 97280K, used 15174K [0x00000000a0000000, 0x00000000a5f00000, 0x00000000e0000000)
  object space 97280K, 15% used [0x00000000a0000000,0x00000000a0ed1b78,0x00000000a5f00000)
 Metaspace       used 41799K, capacity 42570K, committed 42752K, reserved 1085440K
  class space    used 5590K, capacity 5808K, committed 5888K, reserved 1048576K
}
Event: 11.210 GC heap before
{Heap before GC invocations=13 (full 2):
 PSYoungGen      total 94208K, used 93993K [0x00000000e0000000, 0x00000000e6b00000, 0x0000000100000000)
  eden space 85504K, 100% used [0x00000000e0000000,0x00000000e5380000,0x00000000e5380000)
  from space 8704K, 97% used [0x00000000e6280000,0x00000000e6aca780,0x00000000e6b00000)
  to   space 11776K, 0% used [0x00000000e5400000,0x00000000e5400000,0x00000000e5f80000)
 ParOldGen       total 97280K, used 15174K [0x00000000a0000000, 0x00000000a5f00000, 0x00000000e0000000)
  object space 97280K, 15% used [0x00000000a0000000,0x00000000a0ed1b78,0x00000000a5f00000)
 Metaspace       used 44900K, capacity 45940K, committed 46208K, reserved 1089536K
  class space    used 5994K, capacity 6259K, committed 6272K, reserved 1048576K
Event: 11.223 GC heap after
Heap after GC invocations=13 (full 2):
 PSYoungGen      total 97280K, used 11767K [0x00000000e0000000, 0x00000000e6b00000, 0x0000000100000000)
  eden space 85504K, 0% used [0x00000000e0000000,0x00000000e0000000,0x00000000e5380000)
  from space 11776K, 99% used [0x00000000e5400000,0x00000000e5f7dcc8,0x00000000e5f80000)
  to   space 8704K, 0% used [0x00000000e6280000,0x00000000e6280000,0x00000000e6b00000)
 ParOldGen       total 97280K, used 15847K [0x00000000a0000000, 0x00000000a5f00000, 0x00000000e0000000)
  object space 97280K, 16% used [0x00000000a0000000,0x00000000a0f79cb0,0x00000000a5f00000)
 Metaspace       used 44900K, capacity 45940K, committed 46208K, reserved 1089536K
  class space    used 5994K, capacity 6259K, committed 6272K, reserved 1048576K
}

